# JRE version: OpenJDK Runtime Environment (11.0.15) (build 11.0.15+0-b2043.56-9505619)
# Java VM: OpenJDK 64-Bit Server VM (11.0.15+0-b2043.56-9505619, mixed mode, tiered, compressed oops, g1 gc, windows-amd64)
Heap:
 garbage-first heap   total 273408K, used 133856K [0x0000000080000000, 0x0000000100000000)
  region size 1024K, 12 young (12288K), 6 survivors (6144K)
 Metaspace       used 78259K, capacity 80236K, committed 80336K, reserved 1118208K
  class space    used 10139K, capacity 10943K, committed 11040K, reserved 1048576K
GC Heap History (20 events):
Event: 13.303 GC heap before
{Heap before GC invocations=23 (full 0):
 garbage-first heap   total 157696K, used 110933K [0x0000000080000000, 0x0000000100000000)
  region size 1024K, 20 young (20480K), 4 survivors (4096K)
 Metaspace       used 52349K, capacity 53869K, committed 54096K, reserved 1095680K
  class space    used 6687K, capacity 7285K, committed 7328K, reserved 1048576K
}
Event: 13.312 GC heap after
{Heap after GC invocations=24 (full 0):
 garbage-first heap   total 189440K, used 97532K [0x0000000080000000, 0x0000000100000000)
  region size 1024K, 3 young (3072K), 3 survivors (3072K)
 Metaspace       used 52349K, capacity 53869K, committed 54096K, reserved 1095680K
  class space    used 6687K, capacity 7285K, committed 7328K, reserved 1048576K
}
Event: 13.503 GC heap before
{Heap before GC invocations=25 (full 0):
 garbage-first heap   total 189440K, used 113916K [0x0000000080000000, 0x0000000100000000)
  region size 1024K, 13 young (13312K), 3 survivors (3072K)
 Metaspace       used 52759K, capacity 54283K, committed 54480K, reserved 1095680K
  class space    used 6753K, capacity 7359K, committed 7456K, reserved 1048576K
}
Event: 13.513 GC heap after
{Heap after GC invocations=26 (full 0):
 garbage-first heap   total 189440K, used 110692K [0x0000000080000000, 0x0000000100000000)
  region size 1024K, 6 young (6144K), 6 survivors (6144K)
 Metaspace       used 52759K, capacity 54283K, committed 54480K, reserved 1095680K
  class space    used 6753K, capacity 7359K, committed 7456K, reserved 1048576K
}
Event: 14.067 GC heap before
{Heap before GC invocations=27 (full 0):
 garbage-first heap   total 189440K, used 141412K [0x0000000080000000, 0x0000000100000000)
  region size 1024K, 36 young (36864K), 6 survivors (6144K)
 Metaspace       used 55993K, capacity 57715K, committed 57936K, reserved 1099776K
  class space    used 7169K, capacity 7838K, committed 7840K, reserved 1048576K
}
Event: 14.078 GC heap after
{Heap after GC invocations=28 (full 0):
 garbage-first heap   total 189440K, used 113461K [0x0000000080000000, 0x0000000100000000)
  region size 1024K, 3 young (3072K), 3 survivors (3072K)
 Metaspace       used 55993K, capacity 57715K, committed 57936K, reserved 1099776K
  class space    used 7169K, capacity 7838K, committed 7840K, reserved 1048576K
}
Event: 14.729 GC heap before
{Heap before GC invocations=28 (full 0):
 garbage-first heap   total 189440K, used 144181K [0x0000000080000000, 0x0000000100000000)
  region size 1024K, 34 young (34816K), 3 survivors (3072K)
 Metaspace       used 60327K, capacity 62114K, committed 62416K, reserved 1103872K
  class space    used 7660K, capacity 8370K, committed 8480K, reserved 1048576K
}
Event: 14.737 GC heap after
{Heap after GC invocations=29 (full 0):
 garbage-first heap   total 189440K, used 114760K [0x0000000080000000, 0x0000000100000000)
  region size 1024K, 2 young (2048K), 2 survivors (2048K)
 Metaspace       used 60327K, capacity 62114K, committed 62416K, reserved 1103872K
  class space    used 7660K, capacity 8370K, committed 8480K, reserved 1048576K
}
Event: 15.292 GC heap before
{Heap before GC invocations=30 (full 0):
 garbage-first heap   total 189440K, used 132168K [0x0000000080000000, 0x0000000100000000)
  region size 1024K, 20 young (20480K), 2 survivors (2048K)
 Metaspace       used 63808K, capacity 65606K, committed 65872K, reserved 1105920K
  class space    used 8087K, capacity 8791K, committed 8864K, reserved 1048576K
}
Event: 15.302 GC heap after
{Heap after GC invocations=31 (full 0):
 garbage-first heap   total 227328K, used 116984K [0x0000000080000000, 0x0000000100000000)
  region size 1024K, 4 young (4096K), 4 survivors (4096K)
 Metaspace       used 63808K, capacity 65606K, committed 65872K, reserved 1105920K
  class space    used 8087K, capacity 8791K, committed 8864K, reserved 1048576K
}
Event: 16.237 GC heap before
{Heap before GC invocations=32 (full 0):
 garbage-first heap   total 227328K, used 173304K [0x0000000080000000, 0x0000000100000000)
  region size 1024K, 52 young (53248K), 4 survivors (4096K)
 Metaspace       used 66744K, capacity 68578K, committed 68816K, reserved 1110016K
  class space    used 8459K, capacity 9193K, committed 9248K, reserved 1048576K
}
Event: 16.254 GC heap after
{Heap after GC invocations=33 (full 0):
 garbage-first heap   total 227328K, used 120694K [0x0000000080000000, 0x0000000100000000)
  region size 1024K, 7 young (7168K), 7 survivors (7168K)
 Metaspace       used 66744K, capacity 68578K, committed 68816K, reserved 1110016K
  class space    used 8459K, capacity 9193K, committed 9248K, reserved 1048576K
}
Event: 16.466 GC heap before
{Heap before GC invocations=33 (full 0):
 garbage-first heap   total 227328K, used 129910K [0x0000000080000000, 0x0000000100000000)
  region size 1024K, 17 young (17408K), 7 survivors (7168K)
 Metaspace       used 67555K, capacity 69389K, committed 69712K, reserved 1110016K
  class space    used 8575K, capacity 9291K, committed 9376K, reserved 1048576K
}
Event: 16.482 GC heap after
{Heap after GC invocations=34 (full 0):
 garbage-first heap   total 227328K, used 121746K [0x0000000080000000, 0x0000000100000000)
  region size 1024K, 2 young (2048K), 2 survivors (2048K)
 Metaspace       used 67555K, capacity 69389K, committed 69712K, reserved 1110016K
  class space    used 8575K, capacity 9291K, committed 9376K, reserved 1048576K
}
Event: 17.423 GC heap before
{Heap before GC invocations=35 (full 0):
 garbage-first heap   total 227328K, used 165778K [0x0000000080000000, 0x0000000100000000)
  region size 1024K, 44 young (45056K), 2 survivors (2048K)
 Metaspace       used 71264K, capacity 73040K, committed 73168K, reserved 1112064K
  class space    used 9040K, capacity 9749K, committed 9760K, reserved 1048576K
}
Event: 17.429 GC heap after
{Heap after GC invocations=36 (full 0):
 garbage-first heap   total 227328K, used 123282K [0x0000000080000000, 0x0000000100000000)
  region size 1024K, 3 young (3072K), 3 survivors (3072K)
 Metaspace       used 71264K, capacity 73040K, committed 73168K, reserved 1112064K
  class space    used 9040K, capacity 9749K, committed 9760K, reserved 1048576K
}
Event: 18.351 GC heap before
{Heap before GC invocations=36 (full 0):
 garbage-first heap   total 227328K, used 169362K [0x0000000080000000, 0x0000000100000000)
  region size 1024K, 48 young (49152K), 3 survivors (3072K)
 Metaspace       used 72413K, capacity 74366K, committed 74704K, reserved 1114112K
  class space    used 9182K, capacity 9914K, committed 10016K, reserved 1048576K
}
Event: 18.363 GC heap after
{Heap after GC invocations=37 (full 0):
 garbage-first heap   total 227328K, used 126154K [0x0000000080000000, 0x0000000100000000)
  region size 1024K, 6 young (6144K), 6 survivors (6144K)
 Metaspace       used 72413K, capacity 74366K, committed 74704K, reserved 1114112K
  class space    used 9182K, capacity 9914K, committed 10016K, reserved 1048576K
}
Event: 21.835 GC heap before
{Heap before GC invocations=38 (full 0):
 garbage-first heap   total 227328K, used 173258K [0x0000000080000000, 0x0000000100000000)
  region size 1024K, 52 young (53248K), 6 survivors (6144K)
 Metaspace       used 77736K, capacity 79755K, committed 79952K, reserved 1118208K
  class space    used 10076K, capacity 10847K, committed 10912K, reserved 1048576K
}
Event: 21.860 GC heap after
{Heap after GC invocations=39 (full 0):
 garbage-first heap   total 273408K, used 128736K [0x0000000080000000, 0x0000000100000000)
  region size 1024K, 6 young (6144K), 6 survivors (6144K)
 Metaspace       used 77736K, capacity 79755K, committed 79952K, reserved 1118208K
  class space    used 10076K, capacity 10847K, committed 10912K, reserved 1048576K
}

