# JRE version: OpenJDK Runtime Environment (11.0.15) (build 11.0.15+0-b2043.56-9505619)
# Java VM: OpenJDK 64-Bit Server VM (11.0.15+0-b2043.56-9505619, mixed mode, tiered, compressed oops, g1 gc, windows-amd64)
Heap:
 garbage-first heap   total 273408K, used 208641K [0x0000000080000000, 0x0000000100000000)
  region size 1024K, 30 young (30720K), 2 survivors (2048K)
 Metaspace       used 106355K, capacity 109018K, committed 109052K, reserved 1144832K
  class space    used 13699K, capacity 14688K, committed 14720K, reserved 1048576K
GC Heap History (20 events):
Event: 30.881 GC heap before
{Heap before GC invocations=51 (full 0):
 garbage-first heap   total 227328K, used 190464K [0x0000000080000000, 0x0000000100000000)
  region size 1024K, 18 young (18432K), 4 survivors (4096K)
 Metaspace       used 94281K, capacity 96655K, committed 96892K, reserved 1132544K
  class space    used 12149K, capacity 13006K, committed 13056K, reserved 1048576K
}
Event: 30.886 GC heap after
{Heap after GC invocations=52 (full 0):
 garbage-first heap   total 227328K, used 177253K [0x0000000080000000, 0x0000000100000000)
  region size 1024K, 1 young (1024K), 1 survivors (1024K)
 Metaspace       used 94281K, capacity 96655K, committed 96892K, reserved 1132544K
  class space    used 12149K, capacity 13006K, committed 13056K, reserved 1048576K
}
Event: 30.989 GC heap before
{Heap before GC invocations=52 (full 0):
 garbage-first heap   total 227328K, used 191589K [0x0000000080000000, 0x0000000100000000)
  region size 1024K, 15 young (15360K), 1 survivors (1024K)
 Metaspace       used 94659K, capacity 97013K, committed 97148K, reserved 1134592K
  class space    used 12181K, capacity 13040K, committed 13056K, reserved 1048576K
}
Event: 30.992 GC heap after
{Heap after GC invocations=53 (full 0):
 garbage-first heap   total 227328K, used 177397K [0x0000000080000000, 0x0000000100000000)
  region size 1024K, 2 young (2048K), 2 survivors (2048K)
 Metaspace       used 94659K, capacity 97013K, committed 97148K, reserved 1134592K
  class space    used 12181K, capacity 13040K, committed 13056K, reserved 1048576K
}
Event: 31.116 GC heap before
{Heap before GC invocations=53 (full 0):
 garbage-first heap   total 227328K, used 190709K [0x0000000080000000, 0x0000000100000000)
  region size 1024K, 16 young (16384K), 2 survivors (2048K)
 Metaspace       used 95162K, capacity 97587K, committed 97788K, reserved 1134592K
  class space    used 12262K, capacity 13146K, committed 13184K, reserved 1048576K
}
Event: 31.119 GC heap after
{Heap after GC invocations=54 (full 0):
 garbage-first heap   total 227328K, used 177683K [0x0000000080000000, 0x0000000100000000)
  region size 1024K, 2 young (2048K), 2 survivors (2048K)
 Metaspace       used 95162K, capacity 97587K, committed 97788K, reserved 1134592K
  class space    used 12262K, capacity 13146K, committed 13184K, reserved 1048576K
}
Event: 31.326 GC heap before
{Heap before GC invocations=55 (full 0):
 garbage-first heap   total 227328K, used 193043K [0x0000000080000000, 0x0000000100000000)
  region size 1024K, 17 young (17408K), 2 survivors (2048K)
 Metaspace       used 95517K, capacity 97971K, committed 98172K, reserved 1134592K
  class space    used 12310K, capacity 13210K, committed 13312K, reserved 1048576K
}
Event: 31.331 GC heap after
{Heap after GC invocations=56 (full 0):
 garbage-first heap   total 227328K, used 177834K [0x0000000080000000, 0x0000000100000000)
  region size 1024K, 2 young (2048K), 2 survivors (2048K)
 Metaspace       used 95517K, capacity 97971K, committed 98172K, reserved 1134592K
  class space    used 12310K, capacity 13210K, committed 13312K, reserved 1048576K
}
Event: 31.557 GC heap before
{Heap before GC invocations=56 (full 0):
 garbage-first heap   total 227328K, used 193194K [0x0000000080000000, 0x0000000100000000)
  region size 1024K, 18 young (18432K), 2 survivors (2048K)
 Metaspace       used 95965K, capacity 98478K, committed 98684K, reserved 1134592K
  class space    used 12364K, capacity 13311K, committed 13312K, reserved 1048576K
}
Event: 31.564 GC heap after
{Heap after GC invocations=57 (full 0):
 garbage-first heap   total 227328K, used 178330K [0x0000000080000000, 0x0000000100000000)
  region size 1024K, 2 young (2048K), 2 survivors (2048K)
 Metaspace       used 95965K, capacity 98478K, committed 98684K, reserved 1134592K
  class space    used 12364K, capacity 13311K, committed 13312K, reserved 1048576K
}
Event: 32.043 GC heap before
{Heap before GC invocations=58 (full 0):
 garbage-first heap   total 227328K, used 195738K [0x0000000080000000, 0x0000000100000000)
  region size 1024K, 19 young (19456K), 2 survivors (2048K)
 Metaspace       used 96480K, capacity 98968K, committed 99068K, reserved 1134592K
  class space    used 12445K, capacity 13388K, committed 13440K, reserved 1048576K
}
Event: 32.052 GC heap after
{Heap after GC invocations=59 (full 0):
 garbage-first heap   total 227328K, used 179520K [0x0000000080000000, 0x0000000100000000)
  region size 1024K, 3 young (3072K), 3 survivors (3072K)
 Metaspace       used 96480K, capacity 98968K, committed 99068K, reserved 1134592K
  class space    used 12445K, capacity 13388K, committed 13440K, reserved 1048576K
}
Event: 32.222 GC heap before
{Heap before GC invocations=59 (full 0):
 garbage-first heap   total 227328K, used 195904K [0x0000000080000000, 0x0000000100000000)
  region size 1024K, 19 young (19456K), 3 survivors (3072K)
 Metaspace       used 97240K, capacity 99689K, committed 99964K, reserved 1136640K
  class space    used 12554K, capacity 13457K, committed 13568K, reserved 1048576K
}
Event: 32.227 GC heap after
{Heap after GC invocations=60 (full 0):
 garbage-first heap   total 227328K, used 179849K [0x0000000080000000, 0x0000000100000000)
  region size 1024K, 2 young (2048K), 2 survivors (2048K)
 Metaspace       used 97240K, capacity 99689K, committed 99964K, reserved 1136640K
  class space    used 12554K, capacity 13457K, committed 13568K, reserved 1048576K
}
Event: 32.338 GC heap before
{Heap before GC invocations=60 (full 0):
 garbage-first heap   total 227328K, used 197257K [0x0000000080000000, 0x0000000100000000)
  region size 1024K, 19 young (19456K), 2 survivors (2048K)
 Metaspace       used 97818K, capacity 100265K, committed 100476K, reserved 1136640K
  class space    used 12616K, capacity 13521K, committed 13568K, reserved 1048576K
}
Event: 32.343 GC heap after
{Heap after GC invocations=61 (full 0):
 garbage-first heap   total 227328K, used 180026K [0x0000000080000000, 0x0000000100000000)
  region size 1024K, 1 young (1024K), 1 survivors (1024K)
 Metaspace       used 97818K, capacity 100265K, committed 100476K, reserved 1136640K
  class space    used 12616K, capacity 13521K, committed 13568K, reserved 1048576K
}
Event: 32.443 GC heap before
{Heap before GC invocations=61 (full 0):
 garbage-first heap   total 227328K, used 196410K [0x0000000080000000, 0x0000000100000000)
  region size 1024K, 18 young (18432K), 1 survivors (1024K)
 Metaspace       used 98477K, capacity 100937K, committed 101116K, reserved 1136640K
  class space    used 12693K, capacity 13617K, committed 13696K, reserved 1048576K
}
Event: 32.447 GC heap after
{Heap after GC invocations=62 (full 0):
 garbage-first heap   total 273408K, used 180211K [0x0000000080000000, 0x0000000100000000)
  region size 1024K, 1 young (1024K), 1 survivors (1024K)
 Metaspace       used 98477K, capacity 100937K, committed 101116K, reserved 1136640K
  class space    used 12693K, capacity 13617K, committed 13696K, reserved 1048576K
}
Event: 33.367 GC heap before
{Heap before GC invocations=63 (full 0):
 garbage-first heap   total 273408K, used 217075K [0x0000000080000000, 0x0000000100000000)
  region size 1024K, 36 young (36864K), 1 survivors (1024K)
 Metaspace       used 102905K, capacity 105433K, committed 105468K, reserved 1140736K
  class space    used 13255K, capacity 14185K, committed 14208K, reserved 1048576K
}
Event: 33.372 GC heap after
{Heap after GC invocations=64 (full 0):
 garbage-first heap   total 273408K, used 180993K [0x0000000080000000, 0x0000000100000000)
  region size 1024K, 2 young (2048K), 2 survivors (2048K)
 Metaspace       used 102905K, capacity 105433K, committed 105468K, reserved 1140736K
  class space    used 13255K, capacity 14185K, committed 14208K, reserved 1048576K
}

